03-Nov-2024 00:18:04.014 INFO [main] org.apache.catalina.startup.VersionLoggerListener.log Server version name:   Apache Tomcat/9.0.96
03-Nov-2024 00:18:04.019 INFO [main] org.apache.catalina.startup.VersionLoggerListener.log Server built:          Oct 3 2024 19:44:30 UTC
03-Nov-2024 00:18:04.019 INFO [main] org.apache.catalina.startup.VersionLoggerListener.log Server version number: 9.0.96.0
03-Nov-2024 00:18:04.019 INFO [main] org.apache.catalina.startup.VersionLoggerListener.log OS Name:               Linux
03-Nov-2024 00:18:04.019 INFO [main] org.apache.catalina.startup.VersionLoggerListener.log OS Version:            5.15.153.1-microsoft-standard-WSL2
03-Nov-2024 00:18:04.019 INFO [main] org.apache.catalina.startup.VersionLoggerListener.log Architecture:          amd64
03-Nov-2024 00:18:04.019 INFO [main] org.apache.catalina.startup.VersionLoggerListener.log Java Home:             /opt/java/openjdk
03-Nov-2024 00:18:04.019 INFO [main] org.apache.catalina.startup.VersionLoggerListener.log JVM Version:           21.0.5+11-LTS
03-Nov-2024 00:18:04.019 INFO [main] org.apache.catalina.startup.VersionLoggerListener.log JVM Vendor:            Eclipse Adoptium
03-Nov-2024 00:18:04.020 INFO [main] org.apache.catalina.startup.VersionLoggerListener.log CATALINA_BASE:         /usr/local/tomcat
03-Nov-2024 00:18:04.020 INFO [main] org.apache.catalina.startup.VersionLoggerListener.log CATALINA_HOME:         /usr/local/tomcat
03-Nov-2024 00:18:04.032 INFO [main] org.apache.catalina.startup.VersionLoggerListener.log Command line argument: --add-opens=java.base/java.lang=ALL-UNNAMED
03-Nov-2024 00:18:04.032 INFO [main] org.apache.catalina.startup.VersionLoggerListener.log Command line argument: --add-opens=java.base/java.io=ALL-UNNAMED
03-Nov-2024 00:18:04.032 INFO [main] org.apache.catalina.startup.VersionLoggerListener.log Command line argument: --add-opens=java.base/java.util=ALL-UNNAMED
03-Nov-2024 00:18:04.032 INFO [main] org.apache.catalina.startup.VersionLoggerListener.log Command line argument: --add-opens=java.base/java.util.concurrent=ALL-UNNAMED
03-Nov-2024 00:18:04.032 INFO [main] org.apache.catalina.startup.VersionLoggerListener.log Command line argument: --add-opens=java.rmi/sun.rmi.transport=ALL-UNNAMED
03-Nov-2024 00:18:04.032 INFO [main] org.apache.catalina.startup.VersionLoggerListener.log Command line argument: -Djava.util.logging.config.file=/usr/local/tomcat/conf/logging.properties
03-Nov-2024 00:18:04.033 INFO [main] org.apache.catalina.startup.VersionLoggerListener.log Command line argument: -Djava.util.logging.manager=org.apache.juli.ClassLoaderLogManager
03-Nov-2024 00:18:04.033 INFO [main] org.apache.catalina.startup.VersionLoggerListener.log Command line argument: -Xms512m
03-Nov-2024 00:18:04.033 INFO [main] org.apache.catalina.startup.VersionLoggerListener.log Command line argument: -Xmx1024m
03-Nov-2024 00:18:04.033 INFO [main] org.apache.catalina.startup.VersionLoggerListener.log Command line argument: -Djdk.tls.ephemeralDHKeySize=2048
03-Nov-2024 00:18:04.033 INFO [main] org.apache.catalina.startup.VersionLoggerListener.log Command line argument: -Djava.protocol.handler.pkgs=org.apache.catalina.webresources
03-Nov-2024 00:18:04.033 INFO [main] org.apache.catalina.startup.VersionLoggerListener.log Command line argument: -Dorg.apache.catalina.security.SecurityListener.UMASK=0027
03-Nov-2024 00:18:04.033 INFO [main] org.apache.catalina.startup.VersionLoggerListener.log Command line argument: -Dignore.endorsed.dirs=
03-Nov-2024 00:18:04.033 INFO [main] org.apache.catalina.startup.VersionLoggerListener.log Command line argument: -Dcatalina.base=/usr/local/tomcat
03-Nov-2024 00:18:04.033 INFO [main] org.apache.catalina.startup.VersionLoggerListener.log Command line argument: -Dcatalina.home=/usr/local/tomcat
03-Nov-2024 00:18:04.033 INFO [main] org.apache.catalina.startup.VersionLoggerListener.log Command line argument: -Djava.io.tmpdir=/usr/local/tomcat/temp
03-Nov-2024 00:18:04.039 INFO [main] org.apache.catalina.core.AprLifecycleListener.lifecycleEvent Loaded Apache Tomcat Native library [1.3.1] using APR version [1.7.2].
03-Nov-2024 00:18:04.039 INFO [main] org.apache.catalina.core.AprLifecycleListener.lifecycleEvent APR capabilities: IPv6 [true], sendfile [true], accept filters [false], random [true], UDS [true].
03-Nov-2024 00:18:04.040 INFO [main] org.apache.catalina.core.AprLifecycleListener.lifecycleEvent APR/OpenSSL configuration: useAprConnector [false], useOpenSSL [true]
03-Nov-2024 00:18:04.043 INFO [main] org.apache.catalina.core.AprLifecycleListener.initializeSSL OpenSSL successfully initialized [OpenSSL 3.0.13 30 Jan 2024]
03-Nov-2024 00:18:04.396 INFO [main] org.apache.coyote.AbstractProtocol.init Initializing ProtocolHandler ["http-nio-8080"]
03-Nov-2024 00:18:04.432 INFO [main] org.apache.catalina.startup.Catalina.load Server initialization in [605] milliseconds
03-Nov-2024 00:18:04.481 INFO [main] org.apache.catalina.core.StandardService.startInternal Starting service [Catalina]
03-Nov-2024 00:18:04.481 INFO [main] org.apache.catalina.core.StandardEngine.startInternal Starting Servlet engine: [Apache Tomcat/9.0.96]
03-Nov-2024 00:18:04.490 INFO [main] org.apache.catalina.startup.HostConfig.deployDirectory Deploying web application directory [/usr/local/tomcat/webapps/HelpService-1.0-SNAPSHOT.war]
03-Nov-2024 00:18:04.741 INFO [main] org.apache.catalina.startup.HostConfig.deployDirectory Deployment of web application directory [/usr/local/tomcat/webapps/HelpService-1.0-SNAPSHOT.war] has finished in [250] ms
03-Nov-2024 00:18:04.744 INFO [main] org.apache.coyote.AbstractProtocol.start Starting ProtocolHandler ["http-nio-8080"]
03-Nov-2024 00:18:04.752 INFO [main] org.apache.catalina.startup.Catalina.start Server startup in [318] milliseconds
03-Nov-2024 00:19:51.196 INFO [Thread-1] org.apache.coyote.AbstractProtocol.pause Pausing ProtocolHandler ["http-nio-8080"]
03-Nov-2024 00:19:51.203 INFO [Thread-1] org.apache.catalina.core.StandardService.stopInternal Stopping service [Catalina]
03-Nov-2024 00:19:51.218 INFO [Thread-1] org.apache.coyote.AbstractProtocol.stop Stopping ProtocolHandler ["http-nio-8080"]
03-Nov-2024 00:19:51.227 INFO [Thread-1] org.apache.coyote.AbstractProtocol.destroy Destroying ProtocolHandler ["http-nio-8080"]
03-Nov-2024 00:19:53.401 INFO [main] org.apache.catalina.startup.VersionLoggerListener.log Server version name:   Apache Tomcat/9.0.96
03-Nov-2024 00:19:53.406 INFO [main] org.apache.catalina.startup.VersionLoggerListener.log Server built:          Oct 3 2024 19:44:30 UTC
03-Nov-2024 00:19:53.406 INFO [main] org.apache.catalina.startup.VersionLoggerListener.log Server version number: 9.0.96.0
03-Nov-2024 00:19:53.406 INFO [main] org.apache.catalina.startup.VersionLoggerListener.log OS Name:               Linux
03-Nov-2024 00:19:53.406 INFO [main] org.apache.catalina.startup.VersionLoggerListener.log OS Version:            5.15.153.1-microsoft-standard-WSL2
03-Nov-2024 00:19:53.406 INFO [main] org.apache.catalina.startup.VersionLoggerListener.log Architecture:          amd64
03-Nov-2024 00:19:53.406 INFO [main] org.apache.catalina.startup.VersionLoggerListener.log Java Home:             /opt/java/openjdk
03-Nov-2024 00:19:53.406 INFO [main] org.apache.catalina.startup.VersionLoggerListener.log JVM Version:           21.0.5+11-LTS
03-Nov-2024 00:19:53.406 INFO [main] org.apache.catalina.startup.VersionLoggerListener.log JVM Vendor:            Eclipse Adoptium
03-Nov-2024 00:19:53.407 INFO [main] org.apache.catalina.startup.VersionLoggerListener.log CATALINA_BASE:         /usr/local/tomcat
03-Nov-2024 00:19:53.407 INFO [main] org.apache.catalina.startup.VersionLoggerListener.log CATALINA_HOME:         /usr/local/tomcat
03-Nov-2024 00:19:53.418 INFO [main] org.apache.catalina.startup.VersionLoggerListener.log Command line argument: --add-opens=java.base/java.lang=ALL-UNNAMED
03-Nov-2024 00:19:53.418 INFO [main] org.apache.catalina.startup.VersionLoggerListener.log Command line argument: --add-opens=java.base/java.io=ALL-UNNAMED
03-Nov-2024 00:19:53.418 INFO [main] org.apache.catalina.startup.VersionLoggerListener.log Command line argument: --add-opens=java.base/java.util=ALL-UNNAMED
03-Nov-2024 00:19:53.419 INFO [main] org.apache.catalina.startup.VersionLoggerListener.log Command line argument: --add-opens=java.base/java.util.concurrent=ALL-UNNAMED
03-Nov-2024 00:19:53.419 INFO [main] org.apache.catalina.startup.VersionLoggerListener.log Command line argument: --add-opens=java.rmi/sun.rmi.transport=ALL-UNNAMED
03-Nov-2024 00:19:53.419 INFO [main] org.apache.catalina.startup.VersionLoggerListener.log Command line argument: -Djava.util.logging.config.file=/usr/local/tomcat/conf/logging.properties
03-Nov-2024 00:19:53.419 INFO [main] org.apache.catalina.startup.VersionLoggerListener.log Command line argument: -Djava.util.logging.manager=org.apache.juli.ClassLoaderLogManager
03-Nov-2024 00:19:53.419 INFO [main] org.apache.catalina.startup.VersionLoggerListener.log Command line argument: -Xms512m
03-Nov-2024 00:19:53.419 INFO [main] org.apache.catalina.startup.VersionLoggerListener.log Command line argument: -Xmx1024m
03-Nov-2024 00:19:53.419 INFO [main] org.apache.catalina.startup.VersionLoggerListener.log Command line argument: -Djdk.tls.ephemeralDHKeySize=2048
03-Nov-2024 00:19:53.419 INFO [main] org.apache.catalina.startup.VersionLoggerListener.log Command line argument: -Djava.protocol.handler.pkgs=org.apache.catalina.webresources
03-Nov-2024 00:19:53.420 INFO [main] org.apache.catalina.startup.VersionLoggerListener.log Command line argument: -Dorg.apache.catalina.security.SecurityListener.UMASK=0027
03-Nov-2024 00:19:53.420 INFO [main] org.apache.catalina.startup.VersionLoggerListener.log Command line argument: -Dignore.endorsed.dirs=
03-Nov-2024 00:19:53.420 INFO [main] org.apache.catalina.startup.VersionLoggerListener.log Command line argument: -Dcatalina.base=/usr/local/tomcat
03-Nov-2024 00:19:53.420 INFO [main] org.apache.catalina.startup.VersionLoggerListener.log Command line argument: -Dcatalina.home=/usr/local/tomcat
03-Nov-2024 00:19:53.420 INFO [main] org.apache.catalina.startup.VersionLoggerListener.log Command line argument: -Djava.io.tmpdir=/usr/local/tomcat/temp
03-Nov-2024 00:19:53.426 INFO [main] org.apache.catalina.core.AprLifecycleListener.lifecycleEvent Loaded Apache Tomcat Native library [1.3.1] using APR version [1.7.2].
03-Nov-2024 00:19:53.426 INFO [main] org.apache.catalina.core.AprLifecycleListener.lifecycleEvent APR capabilities: IPv6 [true], sendfile [true], accept filters [false], random [true], UDS [true].
03-Nov-2024 00:19:53.426 INFO [main] org.apache.catalina.core.AprLifecycleListener.lifecycleEvent APR/OpenSSL configuration: useAprConnector [false], useOpenSSL [true]
03-Nov-2024 00:19:53.430 INFO [main] org.apache.catalina.core.AprLifecycleListener.initializeSSL OpenSSL successfully initialized [OpenSSL 3.0.13 30 Jan 2024]
03-Nov-2024 00:19:53.740 INFO [main] org.apache.coyote.AbstractProtocol.init Initializing ProtocolHandler ["http-nio-8080"]
03-Nov-2024 00:19:53.769 INFO [main] org.apache.catalina.startup.Catalina.load Server initialization in [550] milliseconds
03-Nov-2024 00:19:53.810 INFO [main] org.apache.catalina.core.StandardService.startInternal Starting service [Catalina]
03-Nov-2024 00:19:53.810 INFO [main] org.apache.catalina.core.StandardEngine.startInternal Starting Servlet engine: [Apache Tomcat/9.0.96]
03-Nov-2024 00:19:53.819 INFO [main] org.apache.catalina.startup.HostConfig.deployDirectory Deploying web application directory [/usr/local/tomcat/webapps/HelpService-1.0-SNAPSHOT.war]
03-Nov-2024 00:19:54.079 INFO [main] org.apache.catalina.startup.HostConfig.deployDirectory Deployment of web application directory [/usr/local/tomcat/webapps/HelpService-1.0-SNAPSHOT.war] has finished in [260] ms
03-Nov-2024 00:19:54.083 INFO [main] org.apache.coyote.AbstractProtocol.start Starting ProtocolHandler ["http-nio-8080"]
03-Nov-2024 00:19:54.091 INFO [main] org.apache.catalina.startup.Catalina.start Server startup in [321] milliseconds
03-Nov-2024 00:19:55.482 INFO [Thread-1] org.apache.coyote.AbstractProtocol.pause Pausing ProtocolHandler ["http-nio-8080"]
03-Nov-2024 00:19:55.485 INFO [Thread-1] org.apache.catalina.core.StandardService.stopInternal Stopping service [Catalina]
03-Nov-2024 00:19:55.493 INFO [Thread-1] org.apache.coyote.AbstractProtocol.stop Stopping ProtocolHandler ["http-nio-8080"]
03-Nov-2024 00:19:55.496 INFO [Thread-1] org.apache.coyote.AbstractProtocol.destroy Destroying ProtocolHandler ["http-nio-8080"]
03-Nov-2024 00:20:08.982 INFO [main] org.apache.catalina.startup.VersionLoggerListener.log Server version name:   Apache Tomcat/9.0.96
03-Nov-2024 00:20:08.985 INFO [main] org.apache.catalina.startup.VersionLoggerListener.log Server built:          Oct 3 2024 19:44:30 UTC
03-Nov-2024 00:20:08.985 INFO [main] org.apache.catalina.startup.VersionLoggerListener.log Server version number: 9.0.96.0
03-Nov-2024 00:20:08.985 INFO [main] org.apache.catalina.startup.VersionLoggerListener.log OS Name:               Linux
03-Nov-2024 00:20:08.986 INFO [main] org.apache.catalina.startup.VersionLoggerListener.log OS Version:            5.15.153.1-microsoft-standard-WSL2
03-Nov-2024 00:20:08.986 INFO [main] org.apache.catalina.startup.VersionLoggerListener.log Architecture:          amd64
03-Nov-2024 00:20:08.986 INFO [main] org.apache.catalina.startup.VersionLoggerListener.log Java Home:             /opt/java/openjdk
03-Nov-2024 00:20:08.986 INFO [main] org.apache.catalina.startup.VersionLoggerListener.log JVM Version:           21.0.5+11-LTS
03-Nov-2024 00:20:08.986 INFO [main] org.apache.catalina.startup.VersionLoggerListener.log JVM Vendor:            Eclipse Adoptium
03-Nov-2024 00:20:08.986 INFO [main] org.apache.catalina.startup.VersionLoggerListener.log CATALINA_BASE:         /usr/local/tomcat
03-Nov-2024 00:20:08.986 INFO [main] org.apache.catalina.startup.VersionLoggerListener.log CATALINA_HOME:         /usr/local/tomcat
03-Nov-2024 00:20:08.992 INFO [main] org.apache.catalina.startup.VersionLoggerListener.log Command line argument: --add-opens=java.base/java.lang=ALL-UNNAMED
03-Nov-2024 00:20:08.992 INFO [main] org.apache.catalina.startup.VersionLoggerListener.log Command line argument: --add-opens=java.base/java.io=ALL-UNNAMED
03-Nov-2024 00:20:08.992 INFO [main] org.apache.catalina.startup.VersionLoggerListener.log Command line argument: --add-opens=java.base/java.util=ALL-UNNAMED
03-Nov-2024 00:20:08.993 INFO [main] org.apache.catalina.startup.VersionLoggerListener.log Command line argument: --add-opens=java.base/java.util.concurrent=ALL-UNNAMED
03-Nov-2024 00:20:08.993 INFO [main] org.apache.catalina.startup.VersionLoggerListener.log Command line argument: --add-opens=java.rmi/sun.rmi.transport=ALL-UNNAMED
03-Nov-2024 00:20:08.993 INFO [main] org.apache.catalina.startup.VersionLoggerListener.log Command line argument: -Djava.util.logging.config.file=/usr/local/tomcat/conf/logging.properties
03-Nov-2024 00:20:08.993 INFO [main] org.apache.catalina.startup.VersionLoggerListener.log Command line argument: -Djava.util.logging.manager=org.apache.juli.ClassLoaderLogManager
03-Nov-2024 00:20:08.993 INFO [main] org.apache.catalina.startup.VersionLoggerListener.log Command line argument: -Xms512m
03-Nov-2024 00:20:08.993 INFO [main] org.apache.catalina.startup.VersionLoggerListener.log Command line argument: -Xmx1024m
03-Nov-2024 00:20:08.993 INFO [main] org.apache.catalina.startup.VersionLoggerListener.log Command line argument: -Djdk.tls.ephemeralDHKeySize=2048
03-Nov-2024 00:20:08.993 INFO [main] org.apache.catalina.startup.VersionLoggerListener.log Command line argument: -Djava.protocol.handler.pkgs=org.apache.catalina.webresources
03-Nov-2024 00:20:08.993 INFO [main] org.apache.catalina.startup.VersionLoggerListener.log Command line argument: -Dorg.apache.catalina.security.SecurityListener.UMASK=0027
03-Nov-2024 00:20:08.994 INFO [main] org.apache.catalina.startup.VersionLoggerListener.log Command line argument: -Dignore.endorsed.dirs=
03-Nov-2024 00:20:08.994 INFO [main] org.apache.catalina.startup.VersionLoggerListener.log Command line argument: -Dcatalina.base=/usr/local/tomcat
03-Nov-2024 00:20:08.994 INFO [main] org.apache.catalina.startup.VersionLoggerListener.log Command line argument: -Dcatalina.home=/usr/local/tomcat
03-Nov-2024 00:20:08.994 INFO [main] org.apache.catalina.startup.VersionLoggerListener.log Command line argument: -Djava.io.tmpdir=/usr/local/tomcat/temp
03-Nov-2024 00:20:08.997 INFO [main] org.apache.catalina.core.AprLifecycleListener.lifecycleEvent Loaded Apache Tomcat Native library [1.3.1] using APR version [1.7.2].
03-Nov-2024 00:20:08.997 INFO [main] org.apache.catalina.core.AprLifecycleListener.lifecycleEvent APR capabilities: IPv6 [true], sendfile [true], accept filters [false], random [true], UDS [true].
03-Nov-2024 00:20:08.997 INFO [main] org.apache.catalina.core.AprLifecycleListener.lifecycleEvent APR/OpenSSL configuration: useAprConnector [false], useOpenSSL [true]
03-Nov-2024 00:20:09.000 INFO [main] org.apache.catalina.core.AprLifecycleListener.initializeSSL OpenSSL successfully initialized [OpenSSL 3.0.13 30 Jan 2024]
03-Nov-2024 00:20:09.267 INFO [main] org.apache.coyote.AbstractProtocol.init Initializing ProtocolHandler ["http-nio-8080"]
03-Nov-2024 00:20:09.288 INFO [main] org.apache.catalina.startup.Catalina.load Server initialization in [427] milliseconds
03-Nov-2024 00:20:09.319 INFO [main] org.apache.catalina.core.StandardService.startInternal Starting service [Catalina]
03-Nov-2024 00:20:09.320 INFO [main] org.apache.catalina.core.StandardEngine.startInternal Starting Servlet engine: [Apache Tomcat/9.0.96]
03-Nov-2024 00:20:09.327 INFO [main] org.apache.catalina.startup.HostConfig.deployDirectory Deploying web application directory [/usr/local/tomcat/webapps/HelpService-1.0-SNAPSHOT.war]
03-Nov-2024 00:20:09.539 INFO [main] org.apache.catalina.startup.HostConfig.deployDirectory Deployment of web application directory [/usr/local/tomcat/webapps/HelpService-1.0-SNAPSHOT.war] has finished in [211] ms
03-Nov-2024 00:20:09.541 INFO [main] org.apache.coyote.AbstractProtocol.start Starting ProtocolHandler ["http-nio-8080"]
03-Nov-2024 00:20:09.548 INFO [main] org.apache.catalina.startup.Catalina.start Server startup in [259] milliseconds
